{"/goinfre/aeddaqqa/1/client/src/App.js": {"path":"/goinfre/aeddaqqa/1/client/src/App.js","statementMap":{"0":{"start":{"line":6,"column":18},"end":{"line":11,"column":1}},"1":{"start":{"line":10,"column":35},"end":{"line":10,"column":65}},"2":{"start":{"line":14,"column":4},"end":{"line":20,"column":6}}},"fnMap":{"0":{"name":"(anonymous_0)","decl":{"start":{"line":10,"column":24},"end":{"line":10,"column":25}},"loc":{"start":{"line":10,"column":35},"end":{"line":10,"column":65}},"line":10},"1":{"name":"App","decl":{"start":{"line":13,"column":9},"end":{"line":13,"column":12}},"loc":{"start":{"line":13,"column":15},"end":{"line":21,"column":1}},"line":13}},"branchMap":{},"s":{"0":2,"1":2,"2":2},"f":{"0":2,"1":2},"b":{},"_coverageSchema":"1a1c01bbd47fc00a2c39e90264f33305004495a9","hash":"c16d5d9fbe99e7628fe347657fbbd63cdd0b4ae2"}
,"/goinfre/aeddaqqa/1/client/src/index.js": {"path":"/goinfre/aeddaqqa/1/client/src/index.js","statementMap":{"0":{"start":{"line":8,"column":20},"end":{"line":8,"column":51}},"1":{"start":{"line":9,"column":13},"end":{"line":9,"column":45}},"2":{"start":{"line":10,"column":0},"end":{"line":14,"column":2}}},"fnMap":{},"branchMap":{},"s":{"0":0,"1":0,"2":0},"f":{},"b":{}}
,"/goinfre/aeddaqqa/1/client/src/components/StartButton/StartButton.js": {"path":"/goinfre/aeddaqqa/1/client/src/components/StartButton/StartButton.js","statementMap":{"0":{"start":{"line":4,"column":20},"end":{"line":9,"column":1}},"1":{"start":{"line":5,"column":4},"end":{"line":8,"column":24}}},"fnMap":{"0":{"name":"(anonymous_0)","decl":{"start":{"line":4,"column":20},"end":{"line":4,"column":21}},"loc":{"start":{"line":5,"column":4},"end":{"line":8,"column":24}},"line":5}},"branchMap":{},"s":{"0":1,"1":1},"f":{"0":1},"b":{},"_coverageSchema":"1a1c01bbd47fc00a2c39e90264f33305004495a9","hash":"d47f0bea1ebfe196647186e164feb833f7278175"}
,"/goinfre/aeddaqqa/1/client/src/components/StartButton/StartButton.style.js": {"path":"/goinfre/aeddaqqa/1/client/src/components/StartButton/StartButton.style.js","statementMap":{"0":{"start":{"line":3,"column":33},"end":{"line":21,"column":1}},"1":{"start":{"line":23,"column":34},"end":{"line":47,"column":1}}},"fnMap":{},"branchMap":{},"s":{"0":4,"1":4},"f":{},"b":{},"_coverageSchema":"1a1c01bbd47fc00a2c39e90264f33305004495a9","hash":"17c2283c02cdbf7d5fe993ad13659741beaa12fc"}
,"/goinfre/aeddaqqa/1/client/src/store/index.js": {"path":"/goinfre/aeddaqqa/1/client/src/store/index.js","statementMap":{"0":{"start":{"line":7,"column":14},"end":{"line":14,"column":2}},"1":{"start":{"line":13,"column":8},"end":{"line":13,"column":64}}},"fnMap":{"0":{"name":"(anonymous_0)","decl":{"start":{"line":12,"column":16},"end":{"line":12,"column":17}},"loc":{"start":{"line":13,"column":8},"end":{"line":13,"column":64}},"line":13}},"branchMap":{},"s":{"0":2,"1":2},"f":{"0":2},"b":{},"_coverageSchema":"1a1c01bbd47fc00a2c39e90264f33305004495a9","hash":"014090b3793fdb2938a217b9cf2cb84463b888cb"}
,"/goinfre/aeddaqqa/1/client/src/store/middleware.js": {"path":"/goinfre/aeddaqqa/1/client/src/store/middleware.js","statementMap":{"0":{"start":{"line":9,"column":32},"end":{"line":31,"column":1}},"1":{"start":{"line":10,"column":17},"end":{"line":10,"column":23}},"2":{"start":{"line":11,"column":4},"end":{"line":30,"column":6}},"3":{"start":{"line":11,"column":21},"end":{"line":30,"column":5}},"4":{"start":{"line":12,"column":26},"end":{"line":12,"column":65}},"5":{"start":{"line":13,"column":8},"end":{"line":24,"column":9}},"6":{"start":{"line":14,"column":12},"end":{"line":14,"column":49}},"7":{"start":{"line":15,"column":12},"end":{"line":17,"column":15}},"8":{"start":{"line":16,"column":16},"end":{"line":16,"column":46}},"9":{"start":{"line":18,"column":12},"end":{"line":20,"column":15}},"10":{"start":{"line":19,"column":16},"end":{"line":19,"column":55}},"11":{"start":{"line":21,"column":12},"end":{"line":23,"column":15}},"12":{"start":{"line":22,"column":16},"end":{"line":22,"column":52}},"13":{"start":{"line":25,"column":8},"end":{"line":28,"column":9}},"14":{"start":{"line":26,"column":12},"end":{"line":27,"column":64}},"15":{"start":{"line":27,"column":16},"end":{"line":27,"column":64}},"16":{"start":{"line":29,"column":8},"end":{"line":29,"column":21}}},"fnMap":{"0":{"name":"(anonymous_0)","decl":{"start":{"line":9,"column":32},"end":{"line":9,"column":33}},"loc":{"start":{"line":9,"column":43},"end":{"line":31,"column":1}},"line":9},"1":{"name":"(anonymous_1)","decl":{"start":{"line":11,"column":11},"end":{"line":11,"column":12}},"loc":{"start":{"line":11,"column":21},"end":{"line":30,"column":5}},"line":11},"2":{"name":"(anonymous_2)","decl":{"start":{"line":11,"column":21},"end":{"line":11,"column":22}},"loc":{"start":{"line":11,"column":33},"end":{"line":30,"column":5}},"line":11},"3":{"name":"(anonymous_3)","decl":{"start":{"line":15,"column":33},"end":{"line":15,"column":34}},"loc":{"start":{"line":15,"column":39},"end":{"line":17,"column":13}},"line":15},"4":{"name":"(anonymous_4)","decl":{"start":{"line":18,"column":42},"end":{"line":18,"column":43}},"loc":{"start":{"line":18,"column":52},"end":{"line":20,"column":13}},"line":18},"5":{"name":"(anonymous_5)","decl":{"start":{"line":21,"column":39},"end":{"line":21,"column":40}},"loc":{"start":{"line":21,"column":49},"end":{"line":23,"column":13}},"line":21}},"branchMap":{"0":{"loc":{"start":{"line":13,"column":8},"end":{"line":24,"column":9}},"type":"if","locations":[{"start":{"line":13,"column":8},"end":{"line":24,"column":9}},{"start":{},"end":{}}],"line":13},"1":{"loc":{"start":{"line":25,"column":8},"end":{"line":28,"column":9}},"type":"if","locations":[{"start":{"line":25,"column":8},"end":{"line":28,"column":9}},{"start":{},"end":{}}],"line":25},"2":{"loc":{"start":{"line":26,"column":12},"end":{"line":27,"column":64}},"type":"if","locations":[{"start":{"line":26,"column":12},"end":{"line":27,"column":64}},{"start":{},"end":{}}],"line":26}},"s":{"0":6,"1":10,"2":10,"3":10,"4":8,"5":8,"6":7,"7":7,"8":0,"9":7,"10":0,"11":7,"12":0,"13":8,"14":6,"15":0,"16":8},"f":{"0":10,"1":10,"2":8,"3":0,"4":0,"5":0},"b":{"0":[7,1],"1":[6,2],"2":[0,6]},"_coverageSchema":"1a1c01bbd47fc00a2c39e90264f33305004495a9","hash":"f3dfe19e2f0b0171d011f76c6c6f43d4b2d7321d"}
,"/goinfre/aeddaqqa/1/client/src/store/slices/connectionSlice.js": {"path":"/goinfre/aeddaqqa/1/client/src/store/slices/connectionSlice.js","statementMap":{"0":{"start":{"line":3,"column":21},"end":{"line":6,"column":1}},"1":{"start":{"line":8,"column":24},"end":{"line":19,"column":2}},"2":{"start":{"line":13,"column":12},"end":{"line":13,"column":36}},"3":{"start":{"line":16,"column":12},"end":{"line":16,"column":35}},"4":{"start":{"line":21,"column":48},"end":{"line":21,"column":71}}},"fnMap":{"0":{"name":"(anonymous_0)","decl":{"start":{"line":12,"column":8},"end":{"line":12,"column":9}},"loc":{"start":{"line":12,"column":31},"end":{"line":14,"column":9}},"line":12},"1":{"name":"(anonymous_1)","decl":{"start":{"line":15,"column":8},"end":{"line":15,"column":9}},"loc":{"start":{"line":15,"column":27},"end":{"line":17,"column":9}},"line":15}},"branchMap":{},"s":{"0":7,"1":7,"2":2,"3":1,"4":7},"f":{"0":2,"1":1},"b":{},"_coverageSchema":"1a1c01bbd47fc00a2c39e90264f33305004495a9","hash":"98493a441d41973efbd15fcac281a621db50286f"}
,"/goinfre/aeddaqqa/1/client/src/store/slices/playerSlice.js": {"path":"/goinfre/aeddaqqa/1/client/src/store/slices/playerSlice.js","statementMap":{"0":{"start":{"line":3,"column":27},"end":{"line":28,"column":2}},"1":{"start":{"line":16,"column":12},"end":{"line":16,"column":33}},"2":{"start":{"line":19,"column":12},"end":{"line":19,"column":53}},"3":{"start":{"line":20,"column":12},"end":{"line":20,"column":49}},"4":{"start":{"line":21,"column":12},"end":{"line":21,"column":34}},"5":{"start":{"line":24,"column":12},"end":{"line":24,"column":47}},"6":{"start":{"line":25,"column":12},"end":{"line":25,"column":34}},"7":{"start":{"line":32,"column":4},"end":{"line":32,"column":23}}},"fnMap":{"0":{"name":"(anonymous_0)","decl":{"start":{"line":15,"column":8},"end":{"line":15,"column":9}},"loc":{"start":{"line":15,"column":32},"end":{"line":17,"column":9}},"line":15},"1":{"name":"(anonymous_1)","decl":{"start":{"line":18,"column":8},"end":{"line":18,"column":9}},"loc":{"start":{"line":18,"column":40},"end":{"line":22,"column":9}},"line":18},"2":{"name":"(anonymous_2)","decl":{"start":{"line":23,"column":8},"end":{"line":23,"column":9}},"loc":{"start":{"line":23,"column":37},"end":{"line":26,"column":9}},"line":23}},"branchMap":{},"s":{"0":7,"1":1,"2":1,"3":1,"4":1,"5":1,"6":1,"7":7},"f":{"0":1,"1":1,"2":1},"b":{},"_coverageSchema":"1a1c01bbd47fc00a2c39e90264f33305004495a9","hash":"93709e9664e92bbe98e18a70af612a61a7b150f0"}
,"/goinfre/aeddaqqa/1/client/src/utils/theme.js": {"path":"/goinfre/aeddaqqa/1/client/src/utils/theme.js","statementMap":{"0":{"start":{"line":1,"column":21},"end":{"line":54,"column":1}}},"fnMap":{},"branchMap":{},"s":{"0":2},"f":{},"b":{},"_coverageSchema":"1a1c01bbd47fc00a2c39e90264f33305004495a9","hash":"a600c12fa67eef443c0834523d11a8e2862bed10"}
,"/goinfre/aeddaqqa/1/client/src/views/Home.Style.js": {"path":"/goinfre/aeddaqqa/1/client/src/views/Home.Style.js","statementMap":{"0":{"start":{"line":4,"column":31},"end":{"line":12,"column":1}},"1":{"start":{"line":14,"column":24},"end":{"line":23,"column":1}},"2":{"start":{"line":25,"column":28},"end":{"line":37,"column":1}},"3":{"start":{"line":39,"column":25},"end":{"line":133,"column":1}},"4":{"start":{"line":52,"column":34},"end":{"line":52,"column":70}},"5":{"start":{"line":53,"column":37},"end":{"line":53,"column":76}},"6":{"start":{"line":85,"column":36},"end":{"line":85,"column":66}},"7":{"start":{"line":86,"column":38},"end":{"line":86,"column":64}},"8":{"start":{"line":87,"column":41},"end":{"line":87,"column":76}},"9":{"start":{"line":88,"column":32},"end":{"line":88,"column":59}},"10":{"start":{"line":89,"column":37},"end":{"line":89,"column":69}}},"fnMap":{"0":{"name":"(anonymous_0)","decl":{"start":{"line":52,"column":23},"end":{"line":52,"column":24}},"loc":{"start":{"line":52,"column":34},"end":{"line":52,"column":70}},"line":52},"1":{"name":"(anonymous_1)","decl":{"start":{"line":53,"column":26},"end":{"line":53,"column":27}},"loc":{"start":{"line":53,"column":37},"end":{"line":53,"column":76}},"line":53},"2":{"name":"(anonymous_2)","decl":{"start":{"line":85,"column":25},"end":{"line":85,"column":26}},"loc":{"start":{"line":85,"column":36},"end":{"line":85,"column":66}},"line":85},"3":{"name":"(anonymous_3)","decl":{"start":{"line":86,"column":27},"end":{"line":86,"column":28}},"loc":{"start":{"line":86,"column":38},"end":{"line":86,"column":64}},"line":86},"4":{"name":"(anonymous_4)","decl":{"start":{"line":87,"column":30},"end":{"line":87,"column":31}},"loc":{"start":{"line":87,"column":41},"end":{"line":87,"column":76}},"line":87},"5":{"name":"(anonymous_5)","decl":{"start":{"line":88,"column":21},"end":{"line":88,"column":22}},"loc":{"start":{"line":88,"column":32},"end":{"line":88,"column":59}},"line":88},"6":{"name":"(anonymous_6)","decl":{"start":{"line":89,"column":26},"end":{"line":89,"column":27}},"loc":{"start":{"line":89,"column":37},"end":{"line":89,"column":69}},"line":89}},"branchMap":{},"s":{"0":3,"1":3,"2":3,"3":3,"4":23,"5":23,"6":23,"7":23,"8":23,"9":23,"10":23},"f":{"0":23,"1":23,"2":23,"3":23,"4":23,"5":23,"6":23},"b":{},"_coverageSchema":"1a1c01bbd47fc00a2c39e90264f33305004495a9","hash":"eb32f8f79e1b1774e365039090a72e6eca9fc2f0"}
,"/goinfre/aeddaqqa/1/client/src/views/Home.js": {"path":"/goinfre/aeddaqqa/1/client/src/views/Home.js","statementMap":{"0":{"start":{"line":10,"column":16},"end":{"line":21,"column":1}},"1":{"start":{"line":23,"column":13},"end":{"line":120,"column":1}},"2":{"start":{"line":24,"column":36},"end":{"line":24,"column":48}},"3":{"start":{"line":25,"column":46},"end":{"line":25,"column":58}},"4":{"start":{"line":26,"column":21},"end":{"line":26,"column":34}},"5":{"start":{"line":27,"column":30},"end":{"line":27,"column":79}},"6":{"start":{"line":30,"column":24},"end":{"line":40,"column":5}},"7":{"start":{"line":31,"column":8},"end":{"line":31,"column":24}},"8":{"start":{"line":32,"column":22},"end":{"line":32,"column":43}},"9":{"start":{"line":33,"column":8},"end":{"line":39,"column":9}},"10":{"start":{"line":34,"column":12},"end":{"line":34,"column":71}},"11":{"start":{"line":36,"column":12},"end":{"line":38,"column":14}},"12":{"start":{"line":41,"column":25},"end":{"line":45,"column":5}},"13":{"start":{"line":42,"column":17},"end":{"line":42,"column":24}},"14":{"start":{"line":43,"column":8},"end":{"line":44,"column":49}},"15":{"start":{"line":43,"column":20},"end":{"line":43,"column":47}},"16":{"start":{"line":44,"column":13},"end":{"line":44,"column":49}},"17":{"start":{"line":44,"column":27},"end":{"line":44,"column":49}},"18":{"start":{"line":46,"column":4},"end":{"line":48,"column":11}},"19":{"start":{"line":47,"column":8},"end":{"line":47,"column":36}},"20":{"start":{"line":50,"column":4},"end":{"line":119,"column":6}},"21":{"start":{"line":61,"column":24},"end":{"line":61,"column":47}},"22":{"start":{"line":62,"column":24},"end":{"line":62,"column":38}},"23":{"start":{"line":63,"column":24},"end":{"line":63,"column":40}},"24":{"start":{"line":69,"column":39},"end":{"line":69,"column":59}},"25":{"start":{"line":94,"column":28},"end":{"line":94,"column":56}}},"fnMap":{"0":{"name":"(anonymous_0)","decl":{"start":{"line":23,"column":13},"end":{"line":23,"column":14}},"loc":{"start":{"line":23,"column":19},"end":{"line":120,"column":1}},"line":23},"1":{"name":"(anonymous_1)","decl":{"start":{"line":30,"column":24},"end":{"line":30,"column":25}},"loc":{"start":{"line":30,"column":30},"end":{"line":40,"column":5}},"line":30},"2":{"name":"(anonymous_2)","decl":{"start":{"line":41,"column":25},"end":{"line":41,"column":26}},"loc":{"start":{"line":41,"column":35},"end":{"line":45,"column":5}},"line":41},"3":{"name":"(anonymous_3)","decl":{"start":{"line":46,"column":14},"end":{"line":46,"column":15}},"loc":{"start":{"line":46,"column":20},"end":{"line":48,"column":5}},"line":46},"4":{"name":"(anonymous_4)","decl":{"start":{"line":60,"column":30},"end":{"line":60,"column":31}},"loc":{"start":{"line":60,"column":41},"end":{"line":64,"column":21}},"line":60},"5":{"name":"(anonymous_5)","decl":{"start":{"line":69,"column":33},"end":{"line":69,"column":34}},"loc":{"start":{"line":69,"column":39},"end":{"line":69,"column":59}},"line":69},"6":{"name":"(anonymous_6)","decl":{"start":{"line":93,"column":34},"end":{"line":93,"column":35}},"loc":{"start":{"line":93,"column":41},"end":{"line":95,"column":25}},"line":93}},"branchMap":{"0":{"loc":{"start":{"line":33,"column":8},"end":{"line":39,"column":9}},"type":"if","locations":[{"start":{"line":33,"column":8},"end":{"line":39,"column":9}},{"start":{"line":35,"column":15},"end":{"line":39,"column":9}}],"line":33},"1":{"loc":{"start":{"line":43,"column":8},"end":{"line":44,"column":49}},"type":"if","locations":[{"start":{"line":43,"column":8},"end":{"line":44,"column":49}},{"start":{"line":44,"column":13},"end":{"line":44,"column":49}}],"line":43},"2":{"loc":{"start":{"line":44,"column":13},"end":{"line":44,"column":49}},"type":"if","locations":[{"start":{"line":44,"column":13},"end":{"line":44,"column":49}},{"start":{},"end":{}}],"line":44},"3":{"loc":{"start":{"line":103,"column":21},"end":{"line":114,"column":21}},"type":"binary-expr","locations":[{"start":{"line":103,"column":21},"end":{"line":103,"column":34}},{"start":{"line":104,"column":24},"end":{"line":113,"column":31}}],"line":103}},"s":{"0":3,"1":3,"2":23,"3":23,"4":23,"5":23,"6":23,"7":1,"8":1,"9":1,"10":0,"11":1,"12":23,"13":1,"14":1,"15":1,"16":0,"17":0,"18":23,"19":7,"20":23,"21":1,"22":1,"23":1,"24":1,"25":14},"f":{"0":23,"1":1,"2":1,"3":7,"4":1,"5":1,"6":14},"b":{"0":[0,1],"1":[1,0],"2":[0,0],"3":[23,1]},"_coverageSchema":"1a1c01bbd47fc00a2c39e90264f33305004495a9","hash":"7e45ca1abfda83e9ca616c7cc7c2a00d962eda65"}
}
