{"/goinfre/aeddaqqa/Red-Tetris/client/src/App.js": {"path":"/goinfre/aeddaqqa/Red-Tetris/client/src/App.js","statementMap":{"0":{"start":{"line":12,"column":18},"end":{"line":17,"column":1}},"1":{"start":{"line":16,"column":35},"end":{"line":16,"column":65}},"2":{"start":{"line":19,"column":15},"end":{"line":19,"column":33}},"3":{"start":{"line":22,"column":23},"end":{"line":22,"column":52}},"4":{"start":{"line":22,"column":46},"end":{"line":22,"column":51}},"5":{"start":{"line":25,"column":8},"end":{"line":25,"column":37}},"6":{"start":{"line":25,"column":31},"end":{"line":25,"column":36}},"7":{"start":{"line":26,"column":21},"end":{"line":26,"column":34}},"8":{"start":{"line":27,"column":4},"end":{"line":29,"column":11}},"9":{"start":{"line":28,"column":8},"end":{"line":28,"column":36}},"10":{"start":{"line":30,"column":4},"end":{"line":50,"column":20}},"11":{"start":{"line":31,"column":8},"end":{"line":49,"column":9}},"12":{"start":{"line":32,"column":23},"end":{"line":32,"column":43}},"13":{"start":{"line":34,"column":29},"end":{"line":34,"column":46}},"14":{"start":{"line":35,"column":12},"end":{"line":35,"column":49}},"15":{"start":{"line":36,"column":27},"end":{"line":39,"column":13}},"16":{"start":{"line":40,"column":12},"end":{"line":48,"column":13}},"17":{"start":{"line":41,"column":16},"end":{"line":46,"column":18}},"18":{"start":{"line":47,"column":16},"end":{"line":47,"column":75}},"19":{"start":{"line":47,"column":26},"end":{"line":47,"column":75}},"20":{"start":{"line":51,"column":4},"end":{"line":64,"column":6}}},"fnMap":{"0":{"name":"(anonymous_0)","decl":{"start":{"line":16,"column":24},"end":{"line":16,"column":25}},"loc":{"start":{"line":16,"column":35},"end":{"line":16,"column":65}},"line":16},"1":{"name":"(anonymous_1)","decl":{"start":{"line":19,"column":15},"end":{"line":19,"column":16}},"loc":{"start":{"line":19,"column":31},"end":{"line":19,"column":33}},"line":19},"2":{"name":"App","decl":{"start":{"line":21,"column":9},"end":{"line":21,"column":12}},"loc":{"start":{"line":21,"column":15},"end":{"line":65,"column":1}},"line":21},"3":{"name":"(anonymous_3)","decl":{"start":{"line":22,"column":35},"end":{"line":22,"column":36}},"loc":{"start":{"line":22,"column":46},"end":{"line":22,"column":51}},"line":22},"4":{"name":"(anonymous_4)","decl":{"start":{"line":25,"column":20},"end":{"line":25,"column":21}},"loc":{"start":{"line":25,"column":31},"end":{"line":25,"column":36}},"line":25},"5":{"name":"(anonymous_5)","decl":{"start":{"line":27,"column":14},"end":{"line":27,"column":15}},"loc":{"start":{"line":27,"column":20},"end":{"line":29,"column":5}},"line":27},"6":{"name":"(anonymous_6)","decl":{"start":{"line":30,"column":14},"end":{"line":30,"column":15}},"loc":{"start":{"line":30,"column":20},"end":{"line":50,"column":5}},"line":30}},"branchMap":{"0":{"loc":{"start":{"line":31,"column":8},"end":{"line":49,"column":9}},"type":"if","locations":[{"start":{"line":31,"column":8},"end":{"line":49,"column":9}},{"start":{},"end":{}}],"line":31},"1":{"loc":{"start":{"line":40,"column":12},"end":{"line":48,"column":13}},"type":"if","locations":[{"start":{"line":40,"column":12},"end":{"line":48,"column":13}},{"start":{},"end":{}}],"line":40},"2":{"loc":{"start":{"line":47,"column":16},"end":{"line":47,"column":75}},"type":"if","locations":[{"start":{"line":47,"column":16},"end":{"line":47,"column":75}},{"start":{},"end":{}}],"line":47},"3":{"loc":{"start":{"line":54,"column":17},"end":{"line":61,"column":17}},"type":"cond-expr","locations":[{"start":{"line":55,"column":20},"end":{"line":55,"column":28}},{"start":{"line":57,"column":20},"end":{"line":60,"column":23}}],"line":54},"4":{"loc":{"start":{"line":59,"column":25},"end":{"line":59,"column":71}},"type":"cond-expr","locations":[{"start":{"line":59,"column":44},"end":{"line":59,"column":53}},{"start":{"line":59,"column":56},"end":{"line":59,"column":71}}],"line":59}},"s":{"0":2,"1":4,"2":2,"3":4,"4":5,"5":4,"6":5,"7":4,"8":4,"9":3,"10":4,"11":3,"12":2,"13":2,"14":2,"15":2,"16":2,"17":0,"18":0,"19":0,"20":4},"f":{"0":4,"1":0,"2":4,"3":5,"4":5,"5":3,"6":3},"b":{"0":[2,1],"1":[0,2],"2":[0,0],"3":[3,1],"4":[1,0]},"_coverageSchema":"1a1c01bbd47fc00a2c39e90264f33305004495a9","hash":"f97087ca223982787398379e7f4187609a86bccb"}
,"/goinfre/aeddaqqa/Red-Tetris/client/src/components/NavBar/NavBar.js": {"path":"/goinfre/aeddaqqa/Red-Tetris/client/src/components/NavBar/NavBar.js","statementMap":{"0":{"start":{"line":4,"column":15},"end":{"line":32,"column":1}},"1":{"start":{"line":5,"column":4},"end":{"line":31,"column":6}}},"fnMap":{"0":{"name":"(anonymous_0)","decl":{"start":{"line":4,"column":15},"end":{"line":4,"column":16}},"loc":{"start":{"line":4,"column":29},"end":{"line":32,"column":1}},"line":4}},"branchMap":{},"s":{"0":3,"1":2},"f":{"0":2},"b":{},"_coverageSchema":"1a1c01bbd47fc00a2c39e90264f33305004495a9","hash":"63d62c621f2c84195c4a647d1a3d200889f0fcdd"}
,"/goinfre/aeddaqqa/Red-Tetris/client/src/components/NavBar/NavBar.style.js": {"path":"/goinfre/aeddaqqa/Red-Tetris/client/src/components/NavBar/NavBar.style.js","statementMap":{"0":{"start":{"line":3,"column":25},"end":{"line":83,"column":1}},"1":{"start":{"line":23,"column":38},"end":{"line":23,"column":67}},"2":{"start":{"line":27,"column":42},"end":{"line":27,"column":71}}},"fnMap":{"0":{"name":"(anonymous_0)","decl":{"start":{"line":23,"column":27},"end":{"line":23,"column":28}},"loc":{"start":{"line":23,"column":38},"end":{"line":23,"column":67}},"line":23},"1":{"name":"(anonymous_1)","decl":{"start":{"line":27,"column":31},"end":{"line":27,"column":32}},"loc":{"start":{"line":27,"column":42},"end":{"line":27,"column":71}},"line":27}},"branchMap":{},"s":{"0":3,"1":2,"2":2},"f":{"0":2,"1":2},"b":{},"_coverageSchema":"1a1c01bbd47fc00a2c39e90264f33305004495a9","hash":"e41ee02beb63e3f4a770716326f325644276ba00"}
,"/goinfre/aeddaqqa/Red-Tetris/client/src/components/StartButton/StartButton.js": {"path":"/goinfre/aeddaqqa/Red-Tetris/client/src/components/StartButton/StartButton.js","statementMap":{"0":{"start":{"line":4,"column":20},"end":{"line":9,"column":1}},"1":{"start":{"line":5,"column":4},"end":{"line":8,"column":24}}},"fnMap":{"0":{"name":"(anonymous_0)","decl":{"start":{"line":4,"column":20},"end":{"line":4,"column":21}},"loc":{"start":{"line":5,"column":4},"end":{"line":8,"column":24}},"line":5}},"branchMap":{},"s":{"0":4,"1":33},"f":{"0":33},"b":{},"_coverageSchema":"1a1c01bbd47fc00a2c39e90264f33305004495a9","hash":"7bcceb03d839c8519806d476af959cf962a43ef4"}
,"/goinfre/aeddaqqa/Red-Tetris/client/src/components/StartButton/StartButton.style.js": {"path":"/goinfre/aeddaqqa/Red-Tetris/client/src/components/StartButton/StartButton.style.js","statementMap":{"0":{"start":{"line":3,"column":33},"end":{"line":21,"column":1}},"1":{"start":{"line":23,"column":34},"end":{"line":47,"column":1}}},"fnMap":{},"branchMap":{},"s":{"0":5,"1":5},"f":{},"b":{},"_coverageSchema":"1a1c01bbd47fc00a2c39e90264f33305004495a9","hash":"7b059ea1def8c2f5b7a0cd91d348e00de60fa205"}
,"/goinfre/aeddaqqa/Red-Tetris/client/src/images/redTetris2.png": {"path":"/goinfre/aeddaqqa/Red-Tetris/client/src/images/redTetris2.png","statementMap":{"0":{"start":{"line":1,"column":0},"end":{"line":1,"column":34}}},"fnMap":{},"branchMap":{},"s":{"0":3},"f":{},"b":{},"inputSourceMap":null,"_coverageSchema":"1a1c01bbd47fc00a2c39e90264f33305004495a9","hash":"21ed2baa6038ba6cc3f34b3c83958d1ce1c86318"}
,"/goinfre/aeddaqqa/Red-Tetris/client/src/images/Avatars/Agoumi.png": {"path":"/goinfre/aeddaqqa/Red-Tetris/client/src/images/Avatars/Agoumi.png","statementMap":{"0":{"start":{"line":1,"column":0},"end":{"line":1,"column":30}}},"fnMap":{},"branchMap":{},"s":{"0":2},"f":{},"b":{},"inputSourceMap":null,"_coverageSchema":"1a1c01bbd47fc00a2c39e90264f33305004495a9","hash":"1fd328c4bc8e3507aaac7d432df45ceaab67be7b"}
,"/goinfre/aeddaqqa/Red-Tetris/client/src/images/Avatars/Binx_Bond.png": {"path":"/goinfre/aeddaqqa/Red-Tetris/client/src/images/Avatars/Binx_Bond.png","statementMap":{"0":{"start":{"line":1,"column":0},"end":{"line":1,"column":33}}},"fnMap":{},"branchMap":{},"s":{"0":1},"f":{},"b":{},"inputSourceMap":null,"_coverageSchema":"1a1c01bbd47fc00a2c39e90264f33305004495a9","hash":"30c255ade69797f0425eba49cec950716eba1e28"}
,"/goinfre/aeddaqqa/Red-Tetris/client/src/images/Avatars/ChingChang.png": {"path":"/goinfre/aeddaqqa/Red-Tetris/client/src/images/Avatars/ChingChang.png","statementMap":{"0":{"start":{"line":1,"column":0},"end":{"line":1,"column":34}}},"fnMap":{},"branchMap":{},"s":{"0":1},"f":{},"b":{},"inputSourceMap":null,"_coverageSchema":"1a1c01bbd47fc00a2c39e90264f33305004495a9","hash":"3ebd00d591b78a942fbdea1df3d840127fd42e38"}
,"/goinfre/aeddaqqa/Red-Tetris/client/src/images/Avatars/Cosmo_Blue.png": {"path":"/goinfre/aeddaqqa/Red-Tetris/client/src/images/Avatars/Cosmo_Blue.png","statementMap":{"0":{"start":{"line":1,"column":0},"end":{"line":1,"column":34}}},"fnMap":{},"branchMap":{},"s":{"0":1},"f":{},"b":{},"inputSourceMap":null,"_coverageSchema":"1a1c01bbd47fc00a2c39e90264f33305004495a9","hash":"d60e316b6f945dfd4cab43bb2e8240b8ba5d0db3"}
,"/goinfre/aeddaqqa/Red-Tetris/client/src/images/Avatars/Gadouma.png": {"path":"/goinfre/aeddaqqa/Red-Tetris/client/src/images/Avatars/Gadouma.png","statementMap":{"0":{"start":{"line":1,"column":0},"end":{"line":1,"column":31}}},"fnMap":{},"branchMap":{},"s":{"0":1},"f":{},"b":{},"inputSourceMap":null,"_coverageSchema":"1a1c01bbd47fc00a2c39e90264f33305004495a9","hash":"453ebee37b69a2f1cfa005a420c76614cb5a67e7"}
,"/goinfre/aeddaqqa/Red-Tetris/client/src/images/Avatars/Morty.png": {"path":"/goinfre/aeddaqqa/Red-Tetris/client/src/images/Avatars/Morty.png","statementMap":{"0":{"start":{"line":1,"column":0},"end":{"line":1,"column":29}}},"fnMap":{},"branchMap":{},"s":{"0":1},"f":{},"b":{},"inputSourceMap":null,"_coverageSchema":"1a1c01bbd47fc00a2c39e90264f33305004495a9","hash":"357bb35c096d3fd6da414357584d275d4606560d"}
,"/goinfre/aeddaqqa/Red-Tetris/client/src/images/Avatars/Pechorin_Bloom.png": {"path":"/goinfre/aeddaqqa/Red-Tetris/client/src/images/Avatars/Pechorin_Bloom.png","statementMap":{"0":{"start":{"line":1,"column":0},"end":{"line":1,"column":38}}},"fnMap":{},"branchMap":{},"s":{"0":2},"f":{},"b":{},"inputSourceMap":null,"_coverageSchema":"1a1c01bbd47fc00a2c39e90264f33305004495a9","hash":"351de85d1baf19776821af62e3a9cf935f6e32ab"}
,"/goinfre/aeddaqqa/Red-Tetris/client/src/store/index.js": {"path":"/goinfre/aeddaqqa/Red-Tetris/client/src/store/index.js","statementMap":{"0":{"start":{"line":8,"column":14},"end":{"line":16,"column":2}},"1":{"start":{"line":15,"column":8},"end":{"line":15,"column":64}}},"fnMap":{"0":{"name":"(anonymous_0)","decl":{"start":{"line":14,"column":16},"end":{"line":14,"column":17}},"loc":{"start":{"line":15,"column":8},"end":{"line":15,"column":64}},"line":15}},"branchMap":{},"s":{"0":2,"1":2},"f":{"0":2},"b":{},"_coverageSchema":"1a1c01bbd47fc00a2c39e90264f33305004495a9","hash":"88889a2a1fe1d2265d4a037291900cfe1369f4e2"}
,"/goinfre/aeddaqqa/Red-Tetris/client/src/store/slices/connectionSlice.js": {"path":"/goinfre/aeddaqqa/Red-Tetris/client/src/store/slices/connectionSlice.js","statementMap":{"0":{"start":{"line":3,"column":21},"end":{"line":6,"column":1}},"1":{"start":{"line":8,"column":24},"end":{"line":19,"column":2}},"2":{"start":{"line":13,"column":12},"end":{"line":13,"column":36}},"3":{"start":{"line":16,"column":12},"end":{"line":16,"column":35}},"4":{"start":{"line":21,"column":48},"end":{"line":21,"column":71}}},"fnMap":{"0":{"name":"(anonymous_0)","decl":{"start":{"line":12,"column":8},"end":{"line":12,"column":9}},"loc":{"start":{"line":12,"column":31},"end":{"line":14,"column":9}},"line":12},"1":{"name":"(anonymous_1)","decl":{"start":{"line":15,"column":8},"end":{"line":15,"column":9}},"loc":{"start":{"line":15,"column":27},"end":{"line":17,"column":9}},"line":15}},"branchMap":{},"s":{"0":7,"1":7,"2":2,"3":1,"4":7},"f":{"0":2,"1":1},"b":{},"_coverageSchema":"1a1c01bbd47fc00a2c39e90264f33305004495a9","hash":"cbef43a8ae4e6e02c220711032d477b436664cb1"}
,"/goinfre/aeddaqqa/Red-Tetris/client/src/store/slices/playerSlice.js": {"path":"/goinfre/aeddaqqa/Red-Tetris/client/src/store/slices/playerSlice.js","statementMap":{"0":{"start":{"line":3,"column":27},"end":{"line":43,"column":2}},"1":{"start":{"line":17,"column":12},"end":{"line":17,"column":33}},"2":{"start":{"line":20,"column":12},"end":{"line":20,"column":53}},"3":{"start":{"line":21,"column":12},"end":{"line":21,"column":49}},"4":{"start":{"line":22,"column":12},"end":{"line":22,"column":34}},"5":{"start":{"line":25,"column":12},"end":{"line":25,"column":47}},"6":{"start":{"line":26,"column":12},"end":{"line":26,"column":34}},"7":{"start":{"line":29,"column":12},"end":{"line":29,"column":33}},"8":{"start":{"line":32,"column":12},"end":{"line":32,"column":44}},"9":{"start":{"line":33,"column":12},"end":{"line":33,"column":34}},"10":{"start":{"line":36,"column":12},"end":{"line":37,"column":37}},"11":{"start":{"line":36,"column":38},"end":{"line":36,"column":57}},"12":{"start":{"line":37,"column":17},"end":{"line":37,"column":37}},"13":{"start":{"line":40,"column":12},"end":{"line":40,"column":33}},"14":{"start":{"line":54,"column":4},"end":{"line":54,"column":23}}},"fnMap":{"0":{"name":"(anonymous_0)","decl":{"start":{"line":16,"column":8},"end":{"line":16,"column":9}},"loc":{"start":{"line":16,"column":32},"end":{"line":18,"column":9}},"line":16},"1":{"name":"(anonymous_1)","decl":{"start":{"line":19,"column":8},"end":{"line":19,"column":9}},"loc":{"start":{"line":19,"column":40},"end":{"line":23,"column":9}},"line":19},"2":{"name":"(anonymous_2)","decl":{"start":{"line":24,"column":8},"end":{"line":24,"column":9}},"loc":{"start":{"line":24,"column":37},"end":{"line":27,"column":9}},"line":24},"3":{"name":"(anonymous_3)","decl":{"start":{"line":28,"column":24},"end":{"line":28,"column":25}},"loc":{"start":{"line":28,"column":43},"end":{"line":30,"column":9}},"line":28},"4":{"name":"(anonymous_4)","decl":{"start":{"line":31,"column":21},"end":{"line":31,"column":22}},"loc":{"start":{"line":31,"column":40},"end":{"line":34,"column":9}},"line":31},"5":{"name":"(anonymous_5)","decl":{"start":{"line":35,"column":18},"end":{"line":35,"column":19}},"loc":{"start":{"line":35,"column":37},"end":{"line":38,"column":9}},"line":35},"6":{"name":"(anonymous_6)","decl":{"start":{"line":39,"column":25},"end":{"line":39,"column":26}},"loc":{"start":{"line":39,"column":44},"end":{"line":41,"column":9}},"line":39}},"branchMap":{"0":{"loc":{"start":{"line":36,"column":12},"end":{"line":37,"column":37}},"type":"if","locations":[{"start":{"line":36,"column":12},"end":{"line":37,"column":37}},{"start":{"line":37,"column":17},"end":{"line":37,"column":37}}],"line":36}},"s":{"0":8,"1":1,"2":1,"3":1,"4":1,"5":1,"6":1,"7":1,"8":1,"9":1,"10":2,"11":1,"12":1,"13":1,"14":8},"f":{"0":1,"1":1,"2":1,"3":1,"4":1,"5":2,"6":1},"b":{"0":[1,1]},"_coverageSchema":"1a1c01bbd47fc00a2c39e90264f33305004495a9","hash":"e19ee342689e9558727efa85ace3341bf19275bb"}
,"/goinfre/aeddaqqa/Red-Tetris/client/src/store/slices/roomsSlice.js": {"path":"/goinfre/aeddaqqa/Red-Tetris/client/src/store/slices/roomsSlice.js","statementMap":{"0":{"start":{"line":3,"column":26},"end":{"line":26,"column":2}},"1":{"start":{"line":12,"column":12},"end":{"line":12,"column":33}},"2":{"start":{"line":15,"column":12},"end":{"line":15,"column":41}},"3":{"start":{"line":18,"column":12},"end":{"line":18,"column":41}},"4":{"start":{"line":19,"column":12},"end":{"line":19,"column":34}},"5":{"start":{"line":22,"column":12},"end":{"line":22,"column":41}},"6":{"start":{"line":23,"column":12},"end":{"line":23,"column":34}},"7":{"start":{"line":29,"column":4},"end":{"line":29,"column":22}}},"fnMap":{"0":{"name":"(anonymous_0)","decl":{"start":{"line":11,"column":25},"end":{"line":11,"column":26}},"loc":{"start":{"line":11,"column":44},"end":{"line":13,"column":9}},"line":11},"1":{"name":"(anonymous_1)","decl":{"start":{"line":14,"column":25},"end":{"line":14,"column":26}},"loc":{"start":{"line":14,"column":44},"end":{"line":16,"column":9}},"line":14},"2":{"name":"(anonymous_2)","decl":{"start":{"line":17,"column":24},"end":{"line":17,"column":25}},"loc":{"start":{"line":17,"column":43},"end":{"line":20,"column":9}},"line":17},"3":{"name":"(anonymous_3)","decl":{"start":{"line":21,"column":21},"end":{"line":21,"column":22}},"loc":{"start":{"line":21,"column":40},"end":{"line":24,"column":9}},"line":21}},"branchMap":{},"s":{"0":8,"1":1,"2":1,"3":1,"4":1,"5":1,"6":1,"7":8},"f":{"0":1,"1":1,"2":1,"3":1},"b":{},"_coverageSchema":"1a1c01bbd47fc00a2c39e90264f33305004495a9","hash":"e7eb9ef46e09c61125d6ecf5596dea9f453563c7"}
,"/goinfre/aeddaqqa/Red-Tetris/client/src/utils/theme.js": {"path":"/goinfre/aeddaqqa/Red-Tetris/client/src/utils/theme.js","statementMap":{"0":{"start":{"line":1,"column":21},"end":{"line":54,"column":1}}},"fnMap":{},"branchMap":{},"s":{"0":2},"f":{},"b":{},"_coverageSchema":"1a1c01bbd47fc00a2c39e90264f33305004495a9","hash":"1dfd2bfaf022060b0cb52c2264c41528d39b9105"}
,"/goinfre/aeddaqqa/Red-Tetris/client/src/views/Home/Home.js": {"path":"/goinfre/aeddaqqa/Red-Tetris/client/src/views/Home/Home.js","statementMap":{"0":{"start":{"line":10,"column":16},"end":{"line":21,"column":1}},"1":{"start":{"line":23,"column":13},"end":{"line":128,"column":1}},"2":{"start":{"line":24,"column":36},"end":{"line":24,"column":48}},"3":{"start":{"line":25,"column":46},"end":{"line":25,"column":58}},"4":{"start":{"line":26,"column":21},"end":{"line":26,"column":34}},"5":{"start":{"line":27,"column":30},"end":{"line":27,"column":79}},"6":{"start":{"line":29,"column":24},"end":{"line":44,"column":5}},"7":{"start":{"line":30,"column":8},"end":{"line":30,"column":24}},"8":{"start":{"line":31,"column":22},"end":{"line":31,"column":43}},"9":{"start":{"line":32,"column":8},"end":{"line":43,"column":9}},"10":{"start":{"line":33,"column":12},"end":{"line":38,"column":14}},"11":{"start":{"line":40,"column":12},"end":{"line":42,"column":14}},"12":{"start":{"line":45,"column":25},"end":{"line":49,"column":5}},"13":{"start":{"line":46,"column":17},"end":{"line":46,"column":24}},"14":{"start":{"line":47,"column":8},"end":{"line":48,"column":49}},"15":{"start":{"line":47,"column":20},"end":{"line":47,"column":47}},"16":{"start":{"line":48,"column":13},"end":{"line":48,"column":49}},"17":{"start":{"line":48,"column":27},"end":{"line":48,"column":49}},"18":{"start":{"line":54,"column":23},"end":{"line":54,"column":52}},"19":{"start":{"line":54,"column":46},"end":{"line":54,"column":51}},"20":{"start":{"line":55,"column":4},"end":{"line":57,"column":17}},"21":{"start":{"line":56,"column":8},"end":{"line":56,"column":46}},"22":{"start":{"line":56,"column":26},"end":{"line":56,"column":46}},"23":{"start":{"line":58,"column":4},"end":{"line":127,"column":6}},"24":{"start":{"line":69,"column":24},"end":{"line":69,"column":47}},"25":{"start":{"line":70,"column":24},"end":{"line":70,"column":38}},"26":{"start":{"line":71,"column":24},"end":{"line":71,"column":40}},"27":{"start":{"line":77,"column":39},"end":{"line":77,"column":59}},"28":{"start":{"line":102,"column":28},"end":{"line":102,"column":56}}},"fnMap":{"0":{"name":"(anonymous_0)","decl":{"start":{"line":23,"column":13},"end":{"line":23,"column":14}},"loc":{"start":{"line":23,"column":19},"end":{"line":128,"column":1}},"line":23},"1":{"name":"(anonymous_1)","decl":{"start":{"line":29,"column":24},"end":{"line":29,"column":25}},"loc":{"start":{"line":29,"column":30},"end":{"line":44,"column":5}},"line":29},"2":{"name":"(anonymous_2)","decl":{"start":{"line":45,"column":25},"end":{"line":45,"column":26}},"loc":{"start":{"line":45,"column":35},"end":{"line":49,"column":5}},"line":45},"3":{"name":"(anonymous_3)","decl":{"start":{"line":54,"column":35},"end":{"line":54,"column":36}},"loc":{"start":{"line":54,"column":46},"end":{"line":54,"column":51}},"line":54},"4":{"name":"(anonymous_4)","decl":{"start":{"line":55,"column":14},"end":{"line":55,"column":15}},"loc":{"start":{"line":55,"column":20},"end":{"line":57,"column":5}},"line":55},"5":{"name":"(anonymous_5)","decl":{"start":{"line":68,"column":30},"end":{"line":68,"column":31}},"loc":{"start":{"line":68,"column":41},"end":{"line":72,"column":21}},"line":68},"6":{"name":"(anonymous_6)","decl":{"start":{"line":77,"column":33},"end":{"line":77,"column":34}},"loc":{"start":{"line":77,"column":39},"end":{"line":77,"column":59}},"line":77},"7":{"name":"(anonymous_7)","decl":{"start":{"line":101,"column":34},"end":{"line":101,"column":35}},"loc":{"start":{"line":101,"column":41},"end":{"line":103,"column":25}},"line":101}},"branchMap":{"0":{"loc":{"start":{"line":32,"column":8},"end":{"line":43,"column":9}},"type":"if","locations":[{"start":{"line":32,"column":8},"end":{"line":43,"column":9}},{"start":{"line":39,"column":15},"end":{"line":43,"column":9}}],"line":32},"1":{"loc":{"start":{"line":47,"column":8},"end":{"line":48,"column":49}},"type":"if","locations":[{"start":{"line":47,"column":8},"end":{"line":48,"column":49}},{"start":{"line":48,"column":13},"end":{"line":48,"column":49}}],"line":47},"2":{"loc":{"start":{"line":48,"column":13},"end":{"line":48,"column":49}},"type":"if","locations":[{"start":{"line":48,"column":13},"end":{"line":48,"column":49}},{"start":{},"end":{}}],"line":48},"3":{"loc":{"start":{"line":56,"column":8},"end":{"line":56,"column":46}},"type":"if","locations":[{"start":{"line":56,"column":8},"end":{"line":56,"column":46}},{"start":{},"end":{}}],"line":56},"4":{"loc":{"start":{"line":111,"column":21},"end":{"line":122,"column":21}},"type":"binary-expr","locations":[{"start":{"line":111,"column":21},"end":{"line":111,"column":34}},{"start":{"line":112,"column":24},"end":{"line":121,"column":31}}],"line":111}},"s":{"0":3,"1":3,"2":24,"3":24,"4":24,"5":24,"6":24,"7":1,"8":1,"9":1,"10":0,"11":1,"12":24,"13":1,"14":1,"15":1,"16":0,"17":0,"18":24,"19":25,"20":24,"21":7,"22":0,"23":24,"24":1,"25":1,"26":1,"27":1,"28":14},"f":{"0":24,"1":1,"2":1,"3":25,"4":7,"5":1,"6":1,"7":14},"b":{"0":[0,1],"1":[1,0],"2":[0,0],"3":[0,7],"4":[24,1]},"_coverageSchema":"1a1c01bbd47fc00a2c39e90264f33305004495a9","hash":"9cfd9f93b9c0bf596212ace8b1928ed7d4c2e650"}
,"/goinfre/aeddaqqa/Red-Tetris/client/src/views/Home/Home.style.js": {"path":"/goinfre/aeddaqqa/Red-Tetris/client/src/views/Home/Home.style.js","statementMap":{"0":{"start":{"line":4,"column":31},"end":{"line":12,"column":1}},"1":{"start":{"line":14,"column":24},"end":{"line":23,"column":1}},"2":{"start":{"line":25,"column":28},"end":{"line":37,"column":1}},"3":{"start":{"line":39,"column":25},"end":{"line":133,"column":1}},"4":{"start":{"line":52,"column":34},"end":{"line":52,"column":70}},"5":{"start":{"line":53,"column":37},"end":{"line":53,"column":76}},"6":{"start":{"line":85,"column":36},"end":{"line":85,"column":66}},"7":{"start":{"line":86,"column":38},"end":{"line":86,"column":64}},"8":{"start":{"line":87,"column":41},"end":{"line":87,"column":76}},"9":{"start":{"line":88,"column":32},"end":{"line":88,"column":59}},"10":{"start":{"line":89,"column":37},"end":{"line":89,"column":69}}},"fnMap":{"0":{"name":"(anonymous_0)","decl":{"start":{"line":52,"column":23},"end":{"line":52,"column":24}},"loc":{"start":{"line":52,"column":34},"end":{"line":52,"column":70}},"line":52},"1":{"name":"(anonymous_1)","decl":{"start":{"line":53,"column":26},"end":{"line":53,"column":27}},"loc":{"start":{"line":53,"column":37},"end":{"line":53,"column":76}},"line":53},"2":{"name":"(anonymous_2)","decl":{"start":{"line":85,"column":25},"end":{"line":85,"column":26}},"loc":{"start":{"line":85,"column":36},"end":{"line":85,"column":66}},"line":85},"3":{"name":"(anonymous_3)","decl":{"start":{"line":86,"column":27},"end":{"line":86,"column":28}},"loc":{"start":{"line":86,"column":38},"end":{"line":86,"column":64}},"line":86},"4":{"name":"(anonymous_4)","decl":{"start":{"line":87,"column":30},"end":{"line":87,"column":31}},"loc":{"start":{"line":87,"column":41},"end":{"line":87,"column":76}},"line":87},"5":{"name":"(anonymous_5)","decl":{"start":{"line":88,"column":21},"end":{"line":88,"column":22}},"loc":{"start":{"line":88,"column":32},"end":{"line":88,"column":59}},"line":88},"6":{"name":"(anonymous_6)","decl":{"start":{"line":89,"column":26},"end":{"line":89,"column":27}},"loc":{"start":{"line":89,"column":37},"end":{"line":89,"column":69}},"line":89}},"branchMap":{},"s":{"0":3,"1":3,"2":3,"3":3,"4":24,"5":24,"6":24,"7":24,"8":24,"9":24,"10":24},"f":{"0":24,"1":24,"2":24,"3":24,"4":24,"5":24,"6":24},"b":{},"_coverageSchema":"1a1c01bbd47fc00a2c39e90264f33305004495a9","hash":"e61958d6e5ede17d99b232b5caa75e45f3afb155"}
,"/goinfre/aeddaqqa/Red-Tetris/client/src/views/Rooms/Rooms.js": {"path":"/goinfre/aeddaqqa/Red-Tetris/client/src/views/Rooms/Rooms.js","statementMap":{"0":{"start":{"line":20,"column":24},"end":{"line":42,"column":1}},"1":{"start":{"line":21,"column":4},"end":{"line":41,"column":6}},"2":{"start":{"line":26,"column":35},"end":{"line":26,"column":54}},"3":{"start":{"line":44,"column":14},"end":{"line":245,"column":1}},"4":{"start":{"line":45,"column":28},"end":{"line":45,"column":44}},"5":{"start":{"line":46,"column":32},"end":{"line":46,"column":47}},"6":{"start":{"line":47,"column":28},"end":{"line":47,"column":40}},"7":{"start":{"line":48,"column":38},"end":{"line":48,"column":50}},"8":{"start":{"line":49,"column":23},"end":{"line":49,"column":52}},"9":{"start":{"line":49,"column":46},"end":{"line":49,"column":51}},"10":{"start":{"line":50,"column":29},"end":{"line":50,"column":64}},"11":{"start":{"line":50,"column":52},"end":{"line":50,"column":63}},"12":{"start":{"line":51,"column":21},"end":{"line":51,"column":34}},"13":{"start":{"line":54,"column":8},"end":{"line":54,"column":23}},"14":{"start":{"line":55,"column":8},"end":{"line":55,"column":27}},"15":{"start":{"line":58,"column":23},"end":{"line":64,"column":5}},"16":{"start":{"line":59,"column":8},"end":{"line":63,"column":9}},"17":{"start":{"line":60,"column":12},"end":{"line":60,"column":53}},"18":{"start":{"line":62,"column":12},"end":{"line":62,"column":67}},"19":{"start":{"line":66,"column":21},"end":{"line":73,"column":5}},"20":{"start":{"line":67,"column":22},"end":{"line":67,"column":62}},"21":{"start":{"line":67,"column":43},"end":{"line":67,"column":61}},"22":{"start":{"line":68,"column":8},"end":{"line":72,"column":9}},"23":{"start":{"line":69,"column":12},"end":{"line":69,"column":75}},"24":{"start":{"line":69,"column":39},"end":{"line":69,"column":75}},"25":{"start":{"line":70,"column":12},"end":{"line":71,"column":49}},"26":{"start":{"line":70,"column":38},"end":{"line":70,"column":65}},"27":{"start":{"line":71,"column":17},"end":{"line":71,"column":49}},"28":{"start":{"line":78,"column":4},"end":{"line":80,"column":11}},"29":{"start":{"line":79,"column":8},"end":{"line":79,"column":36}},"30":{"start":{"line":82,"column":4},"end":{"line":86,"column":16}},"31":{"start":{"line":83,"column":8},"end":{"line":85,"column":9}},"32":{"start":{"line":84,"column":12},"end":{"line":84,"column":25}},"33":{"start":{"line":87,"column":4},"end":{"line":244,"column":6}},"34":{"start":{"line":110,"column":32},"end":{"line":110,"column":56}},"35":{"start":{"line":123,"column":47},"end":{"line":123,"column":65}},"36":{"start":{"line":166,"column":51},"end":{"line":166,"column":75}},"37":{"start":{"line":174,"column":51},"end":{"line":174,"column":77}},"38":{"start":{"line":233,"column":34},"end":{"line":237,"column":36}}},"fnMap":{"0":{"name":"(anonymous_0)","decl":{"start":{"line":20,"column":24},"end":{"line":20,"column":25}},"loc":{"start":{"line":20,"column":48},"end":{"line":42,"column":1}},"line":20},"1":{"name":"(anonymous_1)","decl":{"start":{"line":26,"column":29},"end":{"line":26,"column":30}},"loc":{"start":{"line":26,"column":35},"end":{"line":26,"column":54}},"line":26},"2":{"name":"(anonymous_2)","decl":{"start":{"line":44,"column":14},"end":{"line":44,"column":15}},"loc":{"start":{"line":44,"column":20},"end":{"line":245,"column":1}},"line":44},"3":{"name":"(anonymous_3)","decl":{"start":{"line":49,"column":35},"end":{"line":49,"column":36}},"loc":{"start":{"line":49,"column":46},"end":{"line":49,"column":51}},"line":49},"4":{"name":"(anonymous_4)","decl":{"start":{"line":50,"column":41},"end":{"line":50,"column":42}},"loc":{"start":{"line":50,"column":52},"end":{"line":50,"column":63}},"line":50},"5":{"name":"handleModeChange","decl":{"start":{"line":53,"column":13},"end":{"line":53,"column":29}},"loc":{"start":{"line":53,"column":37},"end":{"line":56,"column":5}},"line":53},"6":{"name":"(anonymous_6)","decl":{"start":{"line":58,"column":23},"end":{"line":58,"column":24}},"loc":{"start":{"line":58,"column":29},"end":{"line":64,"column":5}},"line":58},"7":{"name":"(anonymous_7)","decl":{"start":{"line":66,"column":21},"end":{"line":66,"column":22}},"loc":{"start":{"line":66,"column":31},"end":{"line":73,"column":5}},"line":66},"8":{"name":"(anonymous_8)","decl":{"start":{"line":67,"column":33},"end":{"line":67,"column":34}},"loc":{"start":{"line":67,"column":43},"end":{"line":67,"column":61}},"line":67},"9":{"name":"(anonymous_9)","decl":{"start":{"line":78,"column":14},"end":{"line":78,"column":15}},"loc":{"start":{"line":78,"column":20},"end":{"line":80,"column":5}},"line":78},"10":{"name":"(anonymous_10)","decl":{"start":{"line":82,"column":14},"end":{"line":82,"column":15}},"loc":{"start":{"line":82,"column":20},"end":{"line":86,"column":5}},"line":82},"11":{"name":"(anonymous_11)","decl":{"start":{"line":109,"column":38},"end":{"line":109,"column":39}},"loc":{"start":{"line":109,"column":45},"end":{"line":111,"column":29}},"line":109},"12":{"name":"(anonymous_12)","decl":{"start":{"line":123,"column":41},"end":{"line":123,"column":42}},"loc":{"start":{"line":123,"column":47},"end":{"line":123,"column":65}},"line":123},"13":{"name":"(anonymous_13)","decl":{"start":{"line":166,"column":45},"end":{"line":166,"column":46}},"loc":{"start":{"line":166,"column":51},"end":{"line":166,"column":75}},"line":166},"14":{"name":"(anonymous_14)","decl":{"start":{"line":174,"column":45},"end":{"line":174,"column":46}},"loc":{"start":{"line":174,"column":51},"end":{"line":174,"column":77}},"line":174},"15":{"name":"(anonymous_15)","decl":{"start":{"line":232,"column":40},"end":{"line":232,"column":41}},"loc":{"start":{"line":233,"column":34},"end":{"line":237,"column":36}},"line":233}},"branchMap":{"0":{"loc":{"start":{"line":59,"column":8},"end":{"line":63,"column":9}},"type":"if","locations":[{"start":{"line":59,"column":8},"end":{"line":63,"column":9}},{"start":{"line":61,"column":15},"end":{"line":63,"column":9}}],"line":59},"1":{"loc":{"start":{"line":59,"column":12},"end":{"line":59,"column":61}},"type":"binary-expr","locations":[{"start":{"line":59,"column":12},"end":{"line":59,"column":27}},{"start":{"line":59,"column":31},"end":{"line":59,"column":42}},{"start":{"line":59,"column":46},"end":{"line":59,"column":61}}],"line":59},"2":{"loc":{"start":{"line":68,"column":8},"end":{"line":72,"column":9}},"type":"if","locations":[{"start":{"line":68,"column":8},"end":{"line":72,"column":9}},{"start":{},"end":{}}],"line":68},"3":{"loc":{"start":{"line":69,"column":12},"end":{"line":69,"column":75}},"type":"if","locations":[{"start":{"line":69,"column":12},"end":{"line":69,"column":75}},{"start":{},"end":{}}],"line":69},"4":{"loc":{"start":{"line":70,"column":12},"end":{"line":71,"column":49}},"type":"if","locations":[{"start":{"line":70,"column":12},"end":{"line":71,"column":49}},{"start":{"line":71,"column":17},"end":{"line":71,"column":49}}],"line":70},"5":{"loc":{"start":{"line":83,"column":8},"end":{"line":85,"column":9}},"type":"if","locations":[{"start":{"line":83,"column":8},"end":{"line":85,"column":9}},{"start":{},"end":{}}],"line":83},"6":{"loc":{"start":{"line":129,"column":48},"end":{"line":131,"column":66}},"type":"cond-expr","locations":[{"start":{"line":130,"column":54},"end":{"line":130,"column":63}},{"start":{"line":131,"column":54},"end":{"line":131,"column":66}}],"line":129},"7":{"loc":{"start":{"line":154,"column":36},"end":{"line":156,"column":50}},"type":"cond-expr","locations":[{"start":{"line":155,"column":42},"end":{"line":155,"column":106}},{"start":{"line":156,"column":42},"end":{"line":156,"column":50}}],"line":154},"8":{"loc":{"start":{"line":207,"column":25},"end":{"line":230,"column":25}},"type":"cond-expr","locations":[{"start":{"line":208,"column":28},"end":{"line":227,"column":34}},{"start":{"line":229,"column":28},"end":{"line":229,"column":30}}],"line":207},"9":{"loc":{"start":{"line":231,"column":25},"end":{"line":239,"column":32}},"type":"cond-expr","locations":[{"start":{"line":232,"column":30},"end":{"line":238,"column":32}},{"start":{"line":239,"column":30},"end":{"line":239,"column":32}}],"line":231}},"s":{"0":3,"1":3,"2":1,"3":3,"4":32,"5":32,"6":32,"7":32,"8":32,"9":32,"10":32,"11":32,"12":32,"13":0,"14":0,"15":32,"16":1,"17":0,"18":1,"19":32,"20":0,"21":0,"22":0,"23":0,"24":0,"25":0,"26":0,"27":0,"28":32,"29":8,"30":32,"31":8,"32":0,"33":32,"34":22,"35":1,"36":0,"37":0,"38":2},"f":{"0":3,"1":1,"2":32,"3":32,"4":32,"5":0,"6":1,"7":0,"8":0,"9":8,"10":8,"11":22,"12":1,"13":0,"14":0,"15":2},"b":{"0":[0,1],"1":[1,1,1],"2":[0,0],"3":[0,0],"4":[0,0],"5":[0,8],"6":[32,0],"7":[1,31],"8":[0,32],"9":[2,30]},"_coverageSchema":"1a1c01bbd47fc00a2c39e90264f33305004495a9","hash":"1909c841e63f10b7b8c09d5cef75d9901e0ba9a2"}
,"/goinfre/aeddaqqa/Red-Tetris/client/src/views/Rooms/Rooms.style.js": {"path":"/goinfre/aeddaqqa/Red-Tetris/client/src/views/Rooms/Rooms.style.js","statementMap":{"0":{"start":{"line":2,"column":30},"end":{"line":50,"column":1}},"1":{"start":{"line":3,"column":35},"end":{"line":3,"column":70}},"2":{"start":{"line":30,"column":39},"end":{"line":30,"column":71}},"3":{"start":{"line":51,"column":31},"end":{"line":128,"column":1}},"4":{"start":{"line":61,"column":34},"end":{"line":61,"column":64}},"5":{"start":{"line":62,"column":34},"end":{"line":62,"column":70}},"6":{"start":{"line":63,"column":37},"end":{"line":63,"column":76}},"7":{"start":{"line":64,"column":28},"end":{"line":64,"column":59}},"8":{"start":{"line":99,"column":38},"end":{"line":99,"column":64}},"9":{"start":{"line":100,"column":41},"end":{"line":100,"column":76}},"10":{"start":{"line":101,"column":32},"end":{"line":101,"column":59}},"11":{"start":{"line":102,"column":37},"end":{"line":102,"column":69}},"12":{"start":{"line":103,"column":43},"end":{"line":103,"column":70}},"13":{"start":{"line":130,"column":24},"end":{"line":182,"column":1}}},"fnMap":{"0":{"name":"(anonymous_0)","decl":{"start":{"line":3,"column":24},"end":{"line":3,"column":25}},"loc":{"start":{"line":3,"column":35},"end":{"line":3,"column":70}},"line":3},"1":{"name":"(anonymous_1)","decl":{"start":{"line":30,"column":28},"end":{"line":30,"column":29}},"loc":{"start":{"line":30,"column":39},"end":{"line":30,"column":71}},"line":30},"2":{"name":"(anonymous_2)","decl":{"start":{"line":61,"column":23},"end":{"line":61,"column":24}},"loc":{"start":{"line":61,"column":34},"end":{"line":61,"column":64}},"line":61},"3":{"name":"(anonymous_3)","decl":{"start":{"line":62,"column":23},"end":{"line":62,"column":24}},"loc":{"start":{"line":62,"column":34},"end":{"line":62,"column":70}},"line":62},"4":{"name":"(anonymous_4)","decl":{"start":{"line":63,"column":26},"end":{"line":63,"column":27}},"loc":{"start":{"line":63,"column":37},"end":{"line":63,"column":76}},"line":63},"5":{"name":"(anonymous_5)","decl":{"start":{"line":64,"column":17},"end":{"line":64,"column":18}},"loc":{"start":{"line":64,"column":28},"end":{"line":64,"column":59}},"line":64},"6":{"name":"(anonymous_6)","decl":{"start":{"line":99,"column":27},"end":{"line":99,"column":28}},"loc":{"start":{"line":99,"column":38},"end":{"line":99,"column":64}},"line":99},"7":{"name":"(anonymous_7)","decl":{"start":{"line":100,"column":30},"end":{"line":100,"column":31}},"loc":{"start":{"line":100,"column":41},"end":{"line":100,"column":76}},"line":100},"8":{"name":"(anonymous_8)","decl":{"start":{"line":101,"column":21},"end":{"line":101,"column":22}},"loc":{"start":{"line":101,"column":32},"end":{"line":101,"column":59}},"line":101},"9":{"name":"(anonymous_9)","decl":{"start":{"line":102,"column":26},"end":{"line":102,"column":27}},"loc":{"start":{"line":102,"column":37},"end":{"line":102,"column":69}},"line":102},"10":{"name":"(anonymous_10)","decl":{"start":{"line":103,"column":32},"end":{"line":103,"column":33}},"loc":{"start":{"line":103,"column":43},"end":{"line":103,"column":70}},"line":103}},"branchMap":{},"s":{"0":3,"1":3,"2":3,"3":3,"4":32,"5":32,"6":32,"7":32,"8":32,"9":32,"10":32,"11":32,"12":32,"13":3},"f":{"0":3,"1":3,"2":32,"3":32,"4":32,"5":32,"6":32,"7":32,"8":32,"9":32,"10":32},"b":{},"_coverageSchema":"1a1c01bbd47fc00a2c39e90264f33305004495a9","hash":"33f125187aa53510262a27e650b4925ff5b6f187"}
}
