TN:
SF:src/App.js
FN:10,(anonymous_0)
FN:13,App
FNF:2
FNH:2
FNDA:1,(anonymous_0)
FNDA:1,App
DA:6,1
DA:10,1
DA:14,1
LF:3
LH:3
BRF:0
BRH:0
end_of_record
TN:
SF:src/index.js
FNF:0
FNH:0
DA:8,0
DA:9,0
DA:10,0
LF:3
LH:0
BRF:0
BRH:0
end_of_record
TN:
SF:src/components/StartButton/StartButton.js
FN:4,(anonymous_0)
FNF:1
FNH:0
FNDA:0,(anonymous_0)
DA:4,0
DA:5,0
LF:2
LH:0
BRF:0
BRH:0
end_of_record
TN:
SF:src/components/StartButton/StartButton.style.js
FNF:0
FNH:0
DA:3,2
DA:23,2
LF:2
LH:2
BRF:0
BRH:0
end_of_record
TN:
SF:src/store/index.js
FN:12,(anonymous_0)
FNF:1
FNH:1
FNDA:1,(anonymous_0)
DA:7,1
DA:13,1
LF:2
LH:2
BRF:0
BRH:0
end_of_record
TN:
SF:src/store/middleware.js
FN:9,(anonymous_0)
FN:11,(anonymous_1)
FN:11,(anonymous_2)
FN:15,(anonymous_3)
FN:18,(anonymous_4)
FN:21,(anonymous_5)
FNF:6
FNH:3
FNDA:7,(anonymous_0)
FNDA:7,(anonymous_1)
FNDA:6,(anonymous_2)
FNDA:0,(anonymous_3)
FNDA:0,(anonymous_4)
FNDA:0,(anonymous_5)
DA:9,3
DA:10,7
DA:11,7
DA:12,6
DA:13,6
DA:14,6
DA:15,6
DA:16,0
DA:18,6
DA:19,0
DA:21,6
DA:22,0
DA:25,6
DA:26,6
DA:27,0
DA:29,6
LF:16
LH:12
BRDA:13,0,0,6
BRDA:13,0,1,0
BRDA:25,1,0,6
BRDA:25,1,1,0
BRDA:26,2,0,0
BRDA:26,2,1,6
BRF:6
BRH:3
end_of_record
TN:
SF:src/store/slices/connectionSlice.js
FN:12,(anonymous_0)
FN:15,(anonymous_1)
FNF:2
FNH:2
FNDA:1,(anonymous_0)
FNDA:1,(anonymous_1)
DA:3,4
DA:8,4
DA:13,1
DA:16,1
DA:21,4
LF:5
LH:5
BRF:0
BRH:0
end_of_record
TN:
SF:src/store/slices/playerSlice.js
FN:15,(anonymous_0)
FN:18,(anonymous_1)
FN:23,(anonymous_2)
FNF:3
FNH:3
FNDA:1,(anonymous_0)
FNDA:1,(anonymous_1)
FNDA:1,(anonymous_2)
DA:3,4
DA:16,1
DA:19,1
DA:20,1
DA:21,1
DA:24,1
DA:25,1
DA:32,4
LF:8
LH:8
BRF:0
BRH:0
end_of_record
TN:
SF:src/utils/theme.js
FNF:0
FNH:0
DA:1,1
LF:1
LH:1
BRF:0
BRH:0
end_of_record
TN:
SF:src/views/Home.js
FN:23,(anonymous_0)
FN:30,(anonymous_1)
FN:41,(anonymous_2)
FN:46,(anonymous_3)
FN:60,(anonymous_4)
FN:69,(anonymous_5)
FN:93,(anonymous_6)
FNF:7
FNH:7
FNDA:22,(anonymous_0)
FNDA:1,(anonymous_1)
FNDA:1,(anonymous_2)
FNDA:6,(anonymous_3)
FNDA:1,(anonymous_4)
FNDA:1,(anonymous_5)
FNDA:14,(anonymous_6)
DA:10,2
DA:23,2
DA:24,22
DA:25,22
DA:26,22
DA:27,22
DA:30,22
DA:31,1
DA:32,1
DA:33,1
DA:34,0
DA:36,1
DA:41,22
DA:42,1
DA:43,1
DA:44,0
DA:46,22
DA:47,6
DA:50,22
DA:61,1
DA:62,1
DA:63,1
DA:69,1
DA:94,14
LF:24
LH:22
BRDA:33,0,0,0
BRDA:33,0,1,1
BRDA:43,1,0,1
BRDA:43,1,1,0
BRDA:44,2,0,0
BRDA:44,2,1,0
BRDA:103,3,0,22
BRDA:103,3,1,1
BRF:8
BRH:4
end_of_record
TN:
SF:src/views/Home.style.js
FN:52,(anonymous_0)
FN:53,(anonymous_1)
FN:85,(anonymous_2)
FN:86,(anonymous_3)
FN:87,(anonymous_4)
FN:88,(anonymous_5)
FN:89,(anonymous_6)
FNF:7
FNH:7
FNDA:22,(anonymous_0)
FNDA:22,(anonymous_1)
FNDA:22,(anonymous_2)
FNDA:22,(anonymous_3)
FNDA:22,(anonymous_4)
FNDA:22,(anonymous_5)
FNDA:22,(anonymous_6)
DA:4,2
DA:14,2
DA:25,2
DA:39,2
DA:52,22
DA:53,22
DA:85,22
DA:86,22
DA:87,22
DA:88,22
DA:89,22
LF:11
LH:11
BRF:0
BRH:0
end_of_record
